<?xml version="1.0" encoding="UTF-8"?>
<!-- Generated by org.testng.reporters.JUnitReportReporter -->
<testsuite hostname="Blossoms" failures="0" tests="10" name="testRunner.CucumberTest" time="10.191" errors="0" timestamp="2025-02-23T08:39:09 CST" skipped="0">
  <testcase classname="testRunner.CucumberTest" name="runScenario" time="0.782"/>
  <testcase classname="testRunner.CucumberTest" name="runScenario" time="0.815"/>
  <testcase classname="testRunner.CucumberTest" name="runScenario" time="2.084"/>
  <testcase classname="testRunner.CucumberTest" name="runScenario" time="0.611"/>
  <testcase classname="testRunner.CucumberTest" name="runScenario" time="0.603"/>
  <testcase classname="testRunner.CucumberTest" name="runScenario" time="1.730"/>
  <testcase classname="testRunner.CucumberTest" name="runScenario" time="0.448"/>
  <testcase classname="testRunner.CucumberTest" name="runScenario" time="0.612"/>
  <testcase classname="testRunner.CucumberTest" name="runScenario" time="1.015"/>
  <testcase classname="testRunner.CucumberTest" name="runScenario" time="1.491"/>
</testsuite> <!-- testRunner.CucumberTest -->
